This file contains any messages produced by compilers while
running configure, to aid debugging if configure makes a mistake.

It was created by yakmo configure 2015-01-21, which was
generated by GNU Autoconf 2.69.  Invocation command line was

  $ ./configure 

## --------- ##
## Platform. ##
## --------- ##

hostname = david-System-Product-Name
uname -m = x86_64
uname -r = 4.4.0-45-generic
uname -s = Linux
uname -v = #66-Ubuntu SMP Wed Oct 19 14:12:37 UTC 2016

/usr/bin/uname -p = unknown
/bin/uname -X     = unknown

/bin/arch              = unknown
/usr/bin/arch -k       = unknown
/usr/convex/getsysinfo = unknown
/usr/bin/hostinfo      = unknown
/bin/machine           = unknown
/usr/bin/oslevel       = unknown
/bin/universe          = unknown

PATH: /usr/local/sbin
PATH: /usr/local/bin
PATH: /usr/sbin
PATH: /usr/bin
PATH: /sbin
PATH: /bin
PATH: /usr/games
PATH: /usr/local/games


## ----------- ##
## Core tests. ##
## ----------- ##

configure:2435: checking for a BSD-compatible install
configure:2503: result: /usr/bin/install -c
configure:2514: checking whether build environment is sane
configure:2569: result: yes
configure:2607: WARNING: 'missing' script is too old or missing
configure:2720: checking for a thread-safe mkdir -p
configure:2759: result: /bin/mkdir -p
configure:2766: checking for gawk
configure:2782: found /usr/bin/gawk
configure:2793: result: gawk
configure:2804: checking whether make sets $(MAKE)
configure:2826: result: yes
configure:2855: checking whether make supports nested variables
configure:2872: result: yes
configure:3020: checking for g++
configure:3036: found /usr/bin/g++
configure:3047: result: g++
configure:3074: checking for C++ compiler version
configure:3083: g++ --version >&5
g++ (Ubuntu 5.4.0-6ubuntu1~16.04.2) 5.4.0 20160609
Copyright (C) 2015 Free Software Foundation, Inc.
This is free software; see the source for copying conditions.  There is NO
warranty; not even for MERCHANTABILITY or FITNESS FOR A PARTICULAR PURPOSE.

configure:3094: $? = 0
configure:3083: g++ -v >&5
Using built-in specs.
COLLECT_GCC=g++
COLLECT_LTO_WRAPPER=/usr/lib/gcc/x86_64-linux-gnu/5/lto-wrapper
Target: x86_64-linux-gnu
Configured with: ../src/configure -v --with-pkgversion='Ubuntu 5.4.0-6ubuntu1~16.04.2' --with-bugurl=file:///usr/share/doc/gcc-5/README.Bugs --enable-languages=c,ada,c++,java,go,d,fortran,objc,obj-c++ --prefix=/usr --program-suffix=-5 --enable-shared --enable-linker-build-id --libexecdir=/usr/lib --without-included-gettext --enable-threads=posix --libdir=/usr/lib --enable-nls --with-sysroot=/ --enable-clocale=gnu --enable-libstdcxx-debug --enable-libstdcxx-time=yes --with-default-libstdcxx-abi=new --enable-gnu-unique-object --disable-vtable-verify --enable-libmpx --enable-plugin --with-system-zlib --disable-browser-plugin --enable-java-awt=gtk --enable-gtk-cairo --with-java-home=/usr/lib/jvm/java-1.5.0-gcj-5-amd64/jre --enable-java-home --with-jvm-root-dir=/usr/lib/jvm/java-1.5.0-gcj-5-amd64 --with-jvm-jar-dir=/usr/lib/jvm-exports/java-1.5.0-gcj-5-amd64 --with-arch-directory=amd64 --with-ecj-jar=/usr/share/java/eclipse-ecj.jar --enable-objc-gc --enable-multiarch --disable-werror --with-arch-32=i686 --with-abi=m64 --with-multilib-list=m32,m64,mx32 --enable-multilib --with-tune=generic --enable-checking=release --build=x86_64-linux-gnu --host=x86_64-linux-gnu --target=x86_64-linux-gnu
Thread model: posix
gcc version 5.4.0 20160609 (Ubuntu 5.4.0-6ubuntu1~16.04.2) 
configure:3094: $? = 0
configure:3083: g++ -V >&5
g++: error: unrecognized command line option '-V'
g++: fatal error: no input files
compilation terminated.
configure:3094: $? = 1
configure:3083: g++ -qversion >&5
g++: error: unrecognized command line option '-qversion'
g++: fatal error: no input files
compilation terminated.
configure:3094: $? = 1
configure:3114: checking whether the C++ compiler works
configure:3136: g++    conftest.cpp  >&5
configure:3140: $? = 0
configure:3188: result: yes
configure:3191: checking for C++ compiler default output file name
configure:3193: result: a.out
configure:3199: checking for suffix of executables
configure:3206: g++ -o conftest    conftest.cpp  >&5
configure:3210: $? = 0
configure:3232: result: 
configure:3254: checking whether we are cross compiling
configure:3262: g++ -o conftest    conftest.cpp  >&5
configure:3266: $? = 0
configure:3273: ./conftest
configure:3277: $? = 0
configure:3292: result: no
configure:3297: checking for suffix of object files
configure:3319: g++ -c   conftest.cpp >&5
configure:3323: $? = 0
configure:3344: result: o
configure:3348: checking whether we are using the GNU C++ compiler
configure:3367: g++ -c   conftest.cpp >&5
configure:3367: $? = 0
configure:3376: result: yes
configure:3385: checking whether g++ accepts -g
configure:3405: g++ -c -g  conftest.cpp >&5
configure:3405: $? = 0
configure:3446: result: yes
configure:3480: checking for style of include used by make
configure:3508: result: GNU
configure:3534: checking dependency style of g++
configure:3645: result: gcc3
configure:3708: checking for gcc
configure:3724: found /usr/bin/gcc
configure:3735: result: gcc
configure:3964: checking for C compiler version
configure:3973: gcc --version >&5
gcc (Ubuntu 5.4.0-6ubuntu1~16.04.2) 5.4.0 20160609
Copyright (C) 2015 Free Software Foundation, Inc.
This is free software; see the source for copying conditions.  There is NO
warranty; not even for MERCHANTABILITY or FITNESS FOR A PARTICULAR PURPOSE.

configure:3984: $? = 0
configure:3973: gcc -v >&5
Using built-in specs.
COLLECT_GCC=gcc
COLLECT_LTO_WRAPPER=/usr/lib/gcc/x86_64-linux-gnu/5/lto-wrapper
Target: x86_64-linux-gnu
Configured with: ../src/configure -v --with-pkgversion='Ubuntu 5.4.0-6ubuntu1~16.04.2' --with-bugurl=file:///usr/share/doc/gcc-5/README.Bugs --enable-languages=c,ada,c++,java,go,d,fortran,objc,obj-c++ --prefix=/usr --program-suffix=-5 --enable-shared --enable-linker-build-id --libexecdir=/usr/lib --without-included-gettext --enable-threads=posix --libdir=/usr/lib --enable-nls --with-sysroot=/ --enable-clocale=gnu --enable-libstdcxx-debug --enable-libstdcxx-time=yes --with-default-libstdcxx-abi=new --enable-gnu-unique-object --disable-vtable-verify --enable-libmpx --enable-plugin --with-system-zlib --disable-browser-plugin --enable-java-awt=gtk --enable-gtk-cairo --with-java-home=/usr/lib/jvm/java-1.5.0-gcj-5-amd64/jre --enable-java-home --with-jvm-root-dir=/usr/lib/jvm/java-1.5.0-gcj-5-amd64 --with-jvm-jar-dir=/usr/lib/jvm-exports/java-1.5.0-gcj-5-amd64 --with-arch-directory=amd64 --with-ecj-jar=/usr/share/java/eclipse-ecj.jar --enable-objc-gc --enable-multiarch --disable-werror --with-arch-32=i686 --with-abi=m64 --with-multilib-list=m32,m64,mx32 --enable-multilib --with-tune=generic --enable-checking=release --build=x86_64-linux-gnu --host=x86_64-linux-gnu --target=x86_64-linux-gnu
Thread model: posix
gcc version 5.4.0 20160609 (Ubuntu 5.4.0-6ubuntu1~16.04.2) 
configure:3984: $? = 0
configure:3973: gcc -V >&5
gcc: error: unrecognized command line option '-V'
gcc: fatal error: no input files
compilation terminated.
configure:3984: $? = 1
configure:3973: gcc -qversion >&5
gcc: error: unrecognized command line option '-qversion'
gcc: fatal error: no input files
compilation terminated.
configure:3984: $? = 1
configure:3988: checking whether we are using the GNU C compiler
configure:4007: gcc -c   conftest.c >&5
configure:4007: $? = 0
configure:4016: result: yes
configure:4025: checking whether gcc accepts -g
configure:4045: gcc -c -g  conftest.c >&5
configure:4045: $? = 0
configure:4086: result: yes
configure:4103: checking for gcc option to accept ISO C89
configure:4166: gcc  -c -g -O2  conftest.c >&5
configure:4166: $? = 0
configure:4179: result: none needed
configure:4201: checking dependency style of gcc
configure:4312: result: gcc3
configure:4337: checking how to run the C++ preprocessor
configure:4364: g++ -E  conftest.cpp
configure:4364: $? = 0
configure:4378: g++ -E  conftest.cpp
conftest.cpp:11:28: fatal error: ac_nonexistent.h: No such file or directory
compilation terminated.
configure:4378: $? = 1
configure: failed program was:
| /* confdefs.h */
| #define PACKAGE_NAME "yakmo"
| #define PACKAGE_TARNAME "yakmo"
| #define PACKAGE_VERSION "2015-01-21"
| #define PACKAGE_STRING "yakmo 2015-01-21"
| #define PACKAGE_BUGREPORT "ynaga@tkl.iis.u-tokyo.ac.jp"
| #define PACKAGE_URL ""
| #define PACKAGE "yakmo"
| #define VERSION "2015-01-21"
| /* end confdefs.h.  */
| #include <ac_nonexistent.h>
configure:4403: result: g++ -E
configure:4423: g++ -E  conftest.cpp
configure:4423: $? = 0
configure:4437: g++ -E  conftest.cpp
conftest.cpp:11:28: fatal error: ac_nonexistent.h: No such file or directory
compilation terminated.
configure:4437: $? = 1
configure: failed program was:
| /* confdefs.h */
| #define PACKAGE_NAME "yakmo"
| #define PACKAGE_TARNAME "yakmo"
| #define PACKAGE_VERSION "2015-01-21"
| #define PACKAGE_STRING "yakmo 2015-01-21"
| #define PACKAGE_BUGREPORT "ynaga@tkl.iis.u-tokyo.ac.jp"
| #define PACKAGE_URL ""
| #define PACKAGE "yakmo"
| #define VERSION "2015-01-21"
| /* end confdefs.h.  */
| #include <ac_nonexistent.h>
configure:4466: checking for grep that handles long lines and -e
configure:4524: result: /bin/grep
configure:4529: checking for egrep
configure:4591: result: /bin/grep -E
configure:4596: checking for ANSI C header files
configure:4616: g++ -c -g -O2  conftest.cpp >&5
configure:4616: $? = 0
configure:4689: g++ -o conftest -g -O2   conftest.cpp  >&5
configure:4689: $? = 0
configure:4689: ./conftest
configure:4689: $? = 0
configure:4700: result: yes
configure:4713: checking for sys/types.h
configure:4713: g++ -c -g -O2  conftest.cpp >&5
configure:4713: $? = 0
configure:4713: result: yes
configure:4713: checking for sys/stat.h
configure:4713: g++ -c -g -O2  conftest.cpp >&5
configure:4713: $? = 0
configure:4713: result: yes
configure:4713: checking for stdlib.h
configure:4713: g++ -c -g -O2  conftest.cpp >&5
configure:4713: $? = 0
configure:4713: result: yes
configure:4713: checking for string.h
configure:4713: g++ -c -g -O2  conftest.cpp >&5
configure:4713: $? = 0
configure:4713: result: yes
configure:4713: checking for memory.h
configure:4713: g++ -c -g -O2  conftest.cpp >&5
configure:4713: $? = 0
configure:4713: result: yes
configure:4713: checking for strings.h
configure:4713: g++ -c -g -O2  conftest.cpp >&5
configure:4713: $? = 0
configure:4713: result: yes
configure:4713: checking for inttypes.h
configure:4713: g++ -c -g -O2  conftest.cpp >&5
configure:4713: $? = 0
configure:4713: result: yes
configure:4713: checking for stdint.h
configure:4713: g++ -c -g -O2  conftest.cpp >&5
configure:4713: $? = 0
configure:4713: result: yes
configure:4713: checking for unistd.h
configure:4713: g++ -c -g -O2  conftest.cpp >&5
configure:4713: $? = 0
configure:4713: result: yes
configure:4727: checking for stdint.h
configure:4727: result: yes
configure:4739: checking for stdbool.h that conforms to C99
configure:4806: g++ -c -g -O2  conftest.cpp >&5
configure:4806: $? = 0
configure:4813: result: yes
configure:4815: checking for _Bool
configure:4815: g++ -c -g -O2  conftest.cpp >&5
conftest.cpp: In function 'int main()':
conftest.cpp:58:13: error: '_Bool' was not declared in this scope
 if (sizeof (_Bool))
             ^
configure:4815: $? = 1
configure: failed program was:
| /* confdefs.h */
| #define PACKAGE_NAME "yakmo"
| #define PACKAGE_TARNAME "yakmo"
| #define PACKAGE_VERSION "2015-01-21"
| #define PACKAGE_STRING "yakmo 2015-01-21"
| #define PACKAGE_BUGREPORT "ynaga@tkl.iis.u-tokyo.ac.jp"
| #define PACKAGE_URL ""
| #define PACKAGE "yakmo"
| #define VERSION "2015-01-21"
| #define STDC_HEADERS 1
| #define HAVE_SYS_TYPES_H 1
| #define HAVE_SYS_STAT_H 1
| #define HAVE_STDLIB_H 1
| #define HAVE_STRING_H 1
| #define HAVE_MEMORY_H 1
| #define HAVE_STRINGS_H 1
| #define HAVE_INTTYPES_H 1
| #define HAVE_STDINT_H 1
| #define HAVE_UNISTD_H 1
| #define HAVE_STDINT_H 1
| /* end confdefs.h.  */
| #include <stdio.h>
| #ifdef HAVE_SYS_TYPES_H
| # include <sys/types.h>
| #endif
| #ifdef HAVE_SYS_STAT_H
| # include <sys/stat.h>
| #endif
| #ifdef STDC_HEADERS
| # include <stdlib.h>
| # include <stddef.h>
| #else
| # ifdef HAVE_STDLIB_H
| #  include <stdlib.h>
| # endif
| #endif
| #ifdef HAVE_STRING_H
| # if !defined STDC_HEADERS && defined HAVE_MEMORY_H
| #  include <memory.h>
| # endif
| # include <string.h>
| #endif
| #ifdef HAVE_STRINGS_H
| # include <strings.h>
| #endif
| #ifdef HAVE_INTTYPES_H
| # include <inttypes.h>
| #endif
| #ifdef HAVE_STDINT_H
| # include <stdint.h>
| #endif
| #ifdef HAVE_UNISTD_H
| # include <unistd.h>
| #endif
| int
| main ()
| {
| if (sizeof (_Bool))
| 	 return 0;
|   ;
|   return 0;
| }
configure:4815: result: no
configure:4826: checking for inline
configure:4842: g++ -c -g -O2  conftest.cpp >&5
configure:4842: $? = 0
configure:4850: result: inline
configure:4868: checking for int64_t
configure:4868: g++ -c -g -O2  conftest.cpp >&5
configure:4868: $? = 0
configure:4868: g++ -c -g -O2  conftest.cpp >&5
conftest.cpp: In function 'int main()':
conftest.cpp:60:53: warning: integer overflow in expression [-Woverflow]
    < (int64_t) (((((int64_t) 1 << N) << N) - 1) * 2 + 2))];
                                                     ^
conftest.cpp:60:58: error: size of array 'test_array' is negative
    < (int64_t) (((((int64_t) 1 << N) << N) - 1) * 2 + 2))];
                                                          ^
configure:4868: $? = 1
configure: failed program was:
| /* confdefs.h */
| #define PACKAGE_NAME "yakmo"
| #define PACKAGE_TARNAME "yakmo"
| #define PACKAGE_VERSION "2015-01-21"
| #define PACKAGE_STRING "yakmo 2015-01-21"
| #define PACKAGE_BUGREPORT "ynaga@tkl.iis.u-tokyo.ac.jp"
| #define PACKAGE_URL ""
| #define PACKAGE "yakmo"
| #define VERSION "2015-01-21"
| #define STDC_HEADERS 1
| #define HAVE_SYS_TYPES_H 1
| #define HAVE_SYS_STAT_H 1
| #define HAVE_STDLIB_H 1
| #define HAVE_STRING_H 1
| #define HAVE_MEMORY_H 1
| #define HAVE_STRINGS_H 1
| #define HAVE_INTTYPES_H 1
| #define HAVE_STDINT_H 1
| #define HAVE_UNISTD_H 1
| #define HAVE_STDINT_H 1
| /* end confdefs.h.  */
| #include <stdio.h>
| #ifdef HAVE_SYS_TYPES_H
| # include <sys/types.h>
| #endif
| #ifdef HAVE_SYS_STAT_H
| # include <sys/stat.h>
| #endif
| #ifdef STDC_HEADERS
| # include <stdlib.h>
| # include <stddef.h>
| #else
| # ifdef HAVE_STDLIB_H
| #  include <stdlib.h>
| # endif
| #endif
| #ifdef HAVE_STRING_H
| # if !defined STDC_HEADERS && defined HAVE_MEMORY_H
| #  include <memory.h>
| # endif
| # include <string.h>
| #endif
| #ifdef HAVE_STRINGS_H
| # include <strings.h>
| #endif
| #ifdef HAVE_INTTYPES_H
| # include <inttypes.h>
| #endif
| #ifdef HAVE_STDINT_H
| # include <stdint.h>
| #endif
| #ifdef HAVE_UNISTD_H
| # include <unistd.h>
| #endif
| 	        enum { N = 64 / 2 - 1 };
| int
| main ()
| {
| static int test_array [1 - 2 * !((int64_t) (((((int64_t) 1 << N) << N) - 1) * 2 + 1)
| 		 < (int64_t) (((((int64_t) 1 << N) << N) - 1) * 2 + 2))];
| test_array [0] = 0;
| return test_array [0];
| 
|   ;
|   return 0;
| }
configure:4868: result: yes
configure:4879: checking for mode_t
configure:4879: g++ -c -g -O2  conftest.cpp >&5
configure:4879: $? = 0
configure:4879: g++ -c -g -O2  conftest.cpp >&5
conftest.cpp: In function 'int main()':
conftest.cpp:58:20: error: expected primary-expression before ')' token
 if (sizeof ((mode_t)))
                    ^
configure:4879: $? = 1
configure: failed program was:
| /* confdefs.h */
| #define PACKAGE_NAME "yakmo"
| #define PACKAGE_TARNAME "yakmo"
| #define PACKAGE_VERSION "2015-01-21"
| #define PACKAGE_STRING "yakmo 2015-01-21"
| #define PACKAGE_BUGREPORT "ynaga@tkl.iis.u-tokyo.ac.jp"
| #define PACKAGE_URL ""
| #define PACKAGE "yakmo"
| #define VERSION "2015-01-21"
| #define STDC_HEADERS 1
| #define HAVE_SYS_TYPES_H 1
| #define HAVE_SYS_STAT_H 1
| #define HAVE_STDLIB_H 1
| #define HAVE_STRING_H 1
| #define HAVE_MEMORY_H 1
| #define HAVE_STRINGS_H 1
| #define HAVE_INTTYPES_H 1
| #define HAVE_STDINT_H 1
| #define HAVE_UNISTD_H 1
| #define HAVE_STDINT_H 1
| /* end confdefs.h.  */
| #include <stdio.h>
| #ifdef HAVE_SYS_TYPES_H
| # include <sys/types.h>
| #endif
| #ifdef HAVE_SYS_STAT_H
| # include <sys/stat.h>
| #endif
| #ifdef STDC_HEADERS
| # include <stdlib.h>
| # include <stddef.h>
| #else
| # ifdef HAVE_STDLIB_H
| #  include <stdlib.h>
| # endif
| #endif
| #ifdef HAVE_STRING_H
| # if !defined STDC_HEADERS && defined HAVE_MEMORY_H
| #  include <memory.h>
| # endif
| # include <string.h>
| #endif
| #ifdef HAVE_STRINGS_H
| # include <strings.h>
| #endif
| #ifdef HAVE_INTTYPES_H
| # include <inttypes.h>
| #endif
| #ifdef HAVE_STDINT_H
| # include <stdint.h>
| #endif
| #ifdef HAVE_UNISTD_H
| # include <unistd.h>
| #endif
| int
| main ()
| {
| if (sizeof ((mode_t)))
| 	    return 0;
|   ;
|   return 0;
| }
configure:4879: result: yes
configure:4890: checking for size_t
configure:4890: g++ -c -g -O2  conftest.cpp >&5
configure:4890: $? = 0
configure:4890: g++ -c -g -O2  conftest.cpp >&5
conftest.cpp: In function 'int main()':
conftest.cpp:58:20: error: expected primary-expression before ')' token
 if (sizeof ((size_t)))
                    ^
configure:4890: $? = 1
configure: failed program was:
| /* confdefs.h */
| #define PACKAGE_NAME "yakmo"
| #define PACKAGE_TARNAME "yakmo"
| #define PACKAGE_VERSION "2015-01-21"
| #define PACKAGE_STRING "yakmo 2015-01-21"
| #define PACKAGE_BUGREPORT "ynaga@tkl.iis.u-tokyo.ac.jp"
| #define PACKAGE_URL ""
| #define PACKAGE "yakmo"
| #define VERSION "2015-01-21"
| #define STDC_HEADERS 1
| #define HAVE_SYS_TYPES_H 1
| #define HAVE_SYS_STAT_H 1
| #define HAVE_STDLIB_H 1
| #define HAVE_STRING_H 1
| #define HAVE_MEMORY_H 1
| #define HAVE_STRINGS_H 1
| #define HAVE_INTTYPES_H 1
| #define HAVE_STDINT_H 1
| #define HAVE_UNISTD_H 1
| #define HAVE_STDINT_H 1
| /* end confdefs.h.  */
| #include <stdio.h>
| #ifdef HAVE_SYS_TYPES_H
| # include <sys/types.h>
| #endif
| #ifdef HAVE_SYS_STAT_H
| # include <sys/stat.h>
| #endif
| #ifdef STDC_HEADERS
| # include <stdlib.h>
| # include <stddef.h>
| #else
| # ifdef HAVE_STDLIB_H
| #  include <stdlib.h>
| # endif
| #endif
| #ifdef HAVE_STRING_H
| # if !defined STDC_HEADERS && defined HAVE_MEMORY_H
| #  include <memory.h>
| # endif
| # include <string.h>
| #endif
| #ifdef HAVE_STRINGS_H
| # include <strings.h>
| #endif
| #ifdef HAVE_INTTYPES_H
| # include <inttypes.h>
| #endif
| #ifdef HAVE_STDINT_H
| # include <stdint.h>
| #endif
| #ifdef HAVE_UNISTD_H
| # include <unistd.h>
| #endif
| int
| main ()
| {
| if (sizeof ((size_t)))
| 	    return 0;
|   ;
|   return 0;
| }
configure:4890: result: yes
configure:4901: checking for ssize_t
configure:4901: g++ -c -g -O2  conftest.cpp >&5
configure:4901: $? = 0
configure:4901: g++ -c -g -O2  conftest.cpp >&5
conftest.cpp: In function 'int main()':
conftest.cpp:58:21: error: expected primary-expression before ')' token
 if (sizeof ((ssize_t)))
                     ^
configure:4901: $? = 1
configure: failed program was:
| /* confdefs.h */
| #define PACKAGE_NAME "yakmo"
| #define PACKAGE_TARNAME "yakmo"
| #define PACKAGE_VERSION "2015-01-21"
| #define PACKAGE_STRING "yakmo 2015-01-21"
| #define PACKAGE_BUGREPORT "ynaga@tkl.iis.u-tokyo.ac.jp"
| #define PACKAGE_URL ""
| #define PACKAGE "yakmo"
| #define VERSION "2015-01-21"
| #define STDC_HEADERS 1
| #define HAVE_SYS_TYPES_H 1
| #define HAVE_SYS_STAT_H 1
| #define HAVE_STDLIB_H 1
| #define HAVE_STRING_H 1
| #define HAVE_MEMORY_H 1
| #define HAVE_STRINGS_H 1
| #define HAVE_INTTYPES_H 1
| #define HAVE_STDINT_H 1
| #define HAVE_UNISTD_H 1
| #define HAVE_STDINT_H 1
| /* end confdefs.h.  */
| #include <stdio.h>
| #ifdef HAVE_SYS_TYPES_H
| # include <sys/types.h>
| #endif
| #ifdef HAVE_SYS_STAT_H
| # include <sys/stat.h>
| #endif
| #ifdef STDC_HEADERS
| # include <stdlib.h>
| # include <stddef.h>
| #else
| # ifdef HAVE_STDLIB_H
| #  include <stdlib.h>
| # endif
| #endif
| #ifdef HAVE_STRING_H
| # if !defined STDC_HEADERS && defined HAVE_MEMORY_H
| #  include <memory.h>
| # endif
| # include <string.h>
| #endif
| #ifdef HAVE_STRINGS_H
| # include <strings.h>
| #endif
| #ifdef HAVE_INTTYPES_H
| # include <inttypes.h>
| #endif
| #ifdef HAVE_STDINT_H
| # include <stdint.h>
| #endif
| #ifdef HAVE_UNISTD_H
| # include <unistd.h>
| #endif
| int
| main ()
| {
| if (sizeof ((ssize_t)))
| 	    return 0;
|   ;
|   return 0;
| }
configure:4901: result: yes
configure:4912: checking for uint64_t
configure:4912: g++ -c -g -O2  conftest.cpp >&5
configure:4912: $? = 0
configure:4912: result: yes
configure:4928: checking for working strtod
configure:4969: g++ -o conftest -g -O2   conftest.cpp  >&5
conftest.cpp: In function 'int main()':
conftest.cpp:64:20: warning: deprecated conversion from string constant to 'char*' [-Wwrite-strings]
     char *string = " +69";
                    ^
conftest.cpp:75:20: warning: deprecated conversion from string constant to 'char*' [-Wwrite-strings]
     char *string = "NaN";
                    ^
configure:4969: $? = 0
configure:4969: ./conftest
configure:4969: $? = 0
configure:4979: result: yes
configure:5044: checking for floor
configure:5044: g++ -o conftest -g -O2   conftest.cpp  >&5
configure:5044: $? = 0
configure:5044: result: yes
configure:5044: checking for sqrt
configure:5044: g++ -o conftest -g -O2   conftest.cpp  >&5
configure:5044: $? = 0
configure:5044: result: yes
configure:5044: checking for strtol
configure:5044: g++ -o conftest -g -O2   conftest.cpp  >&5
configure:5044: $? = 0
configure:5044: result: yes
configure:5044: checking for strtoull
configure:5044: g++ -o conftest -g -O2   conftest.cpp  >&5
configure:5044: $? = 0
configure:5044: result: yes
configure:5082: g++ -o conftest -m64   conftest.cpp  >&5
configure:5082: $? = 0
configure:5082: ./conftest
configure:5082: $? = 0
configure:5123: checking unordered_set usability
configure:5123: g++ -c -m64 -g -O2  conftest.cpp >&5
In file included from /usr/include/c++/5/unordered_set:35:0,
                 from conftest.cpp:60:
/usr/include/c++/5/bits/c++0x_warning.h:32:2: error: #error This file requires compiler and library support for the ISO C++ 2011 standard. This support must be enabled with the -std=c++11 or -std=gnu++11 compiler options.
 #error This file requires compiler and library support \
  ^
configure:5123: $? = 1
configure: failed program was:
| /* confdefs.h */
| #define PACKAGE_NAME "yakmo"
| #define PACKAGE_TARNAME "yakmo"
| #define PACKAGE_VERSION "2015-01-21"
| #define PACKAGE_STRING "yakmo 2015-01-21"
| #define PACKAGE_BUGREPORT "ynaga@tkl.iis.u-tokyo.ac.jp"
| #define PACKAGE_URL ""
| #define PACKAGE "yakmo"
| #define VERSION "2015-01-21"
| #define STDC_HEADERS 1
| #define HAVE_SYS_TYPES_H 1
| #define HAVE_SYS_STAT_H 1
| #define HAVE_STDLIB_H 1
| #define HAVE_STRING_H 1
| #define HAVE_MEMORY_H 1
| #define HAVE_STRINGS_H 1
| #define HAVE_INTTYPES_H 1
| #define HAVE_STDINT_H 1
| #define HAVE_UNISTD_H 1
| #define HAVE_STDINT_H 1
| #define HAVE_FLOOR 1
| #define HAVE_SQRT 1
| #define HAVE_STRTOL 1
| #define HAVE_STRTOULL 1
| #define USE_TIMER 1
| /* end confdefs.h.  */
| #include <stdio.h>
| #ifdef HAVE_SYS_TYPES_H
| # include <sys/types.h>
| #endif
| #ifdef HAVE_SYS_STAT_H
| # include <sys/stat.h>
| #endif
| #ifdef STDC_HEADERS
| # include <stdlib.h>
| # include <stddef.h>
| #else
| # ifdef HAVE_STDLIB_H
| #  include <stdlib.h>
| # endif
| #endif
| #ifdef HAVE_STRING_H
| # if !defined STDC_HEADERS && defined HAVE_MEMORY_H
| #  include <memory.h>
| # endif
| # include <string.h>
| #endif
| #ifdef HAVE_STRINGS_H
| # include <strings.h>
| #endif
| #ifdef HAVE_INTTYPES_H
| # include <inttypes.h>
| #endif
| #ifdef HAVE_STDINT_H
| # include <stdint.h>
| #endif
| #ifdef HAVE_UNISTD_H
| # include <unistd.h>
| #endif
| #include <unordered_set>
configure:5123: result: no
configure:5123: checking unordered_set presence
configure:5123: g++ -E  conftest.cpp
In file included from /usr/include/c++/5/unordered_set:35:0,
                 from conftest.cpp:27:
/usr/include/c++/5/bits/c++0x_warning.h:32:2: error: #error This file requires compiler and library support for the ISO C++ 2011 standard. This support must be enabled with the -std=c++11 or -std=gnu++11 compiler options.
 #error This file requires compiler and library support \
  ^
configure:5123: $? = 1
configure: failed program was:
| /* confdefs.h */
| #define PACKAGE_NAME "yakmo"
| #define PACKAGE_TARNAME "yakmo"
| #define PACKAGE_VERSION "2015-01-21"
| #define PACKAGE_STRING "yakmo 2015-01-21"
| #define PACKAGE_BUGREPORT "ynaga@tkl.iis.u-tokyo.ac.jp"
| #define PACKAGE_URL ""
| #define PACKAGE "yakmo"
| #define VERSION "2015-01-21"
| #define STDC_HEADERS 1
| #define HAVE_SYS_TYPES_H 1
| #define HAVE_SYS_STAT_H 1
| #define HAVE_STDLIB_H 1
| #define HAVE_STRING_H 1
| #define HAVE_MEMORY_H 1
| #define HAVE_STRINGS_H 1
| #define HAVE_INTTYPES_H 1
| #define HAVE_STDINT_H 1
| #define HAVE_UNISTD_H 1
| #define HAVE_STDINT_H 1
| #define HAVE_FLOOR 1
| #define HAVE_SQRT 1
| #define HAVE_STRTOL 1
| #define HAVE_STRTOULL 1
| #define USE_TIMER 1
| /* end confdefs.h.  */
| #include <unordered_set>
configure:5123: result: no
configure:5123: checking for unordered_set
configure:5123: result: no
configure:5134: checking tr1/unordered_set usability
configure:5134: g++ -c -m64 -g -O2  conftest.cpp >&5
configure:5134: $? = 0
configure:5134: result: yes
configure:5134: checking tr1/unordered_set presence
configure:5134: g++ -E  conftest.cpp
configure:5134: $? = 0
configure:5134: result: yes
configure:5134: checking for tr1/unordered_set
configure:5134: result: yes
configure:5361: checking that generated files are newer than configure
configure:5367: result: done
configure:5394: creating ./config.status

## ---------------------- ##
## Running config.status. ##
## ---------------------- ##

This file was extended by yakmo config.status 2015-01-21, which was
generated by GNU Autoconf 2.69.  Invocation command line was

  CONFIG_FILES    = 
  CONFIG_HEADERS  = 
  CONFIG_LINKS    = 
  CONFIG_COMMANDS = 
  $ ./config.status 

on david-System-Product-Name

config.status:869: creating Makefile
config.status:869: creating src/Makefile
config.status:869: creating config.h
config.status:1098: executing depfiles commands

## ---------------- ##
## Cache variables. ##
## ---------------- ##

ac_cv_c_compiler_gnu=yes
ac_cv_c_inline=inline
ac_cv_c_int64_t=yes
ac_cv_c_uint64_t=yes
ac_cv_cxx_compiler_gnu=yes
ac_cv_env_CCC_set=
ac_cv_env_CCC_value=
ac_cv_env_CC_set=
ac_cv_env_CC_value=
ac_cv_env_CFLAGS_set=
ac_cv_env_CFLAGS_value=
ac_cv_env_CPPFLAGS_set=
ac_cv_env_CPPFLAGS_value=
ac_cv_env_CXXCPP_set=
ac_cv_env_CXXCPP_value=
ac_cv_env_CXXFLAGS_set=
ac_cv_env_CXXFLAGS_value=
ac_cv_env_CXX_set=
ac_cv_env_CXX_value=
ac_cv_env_LDFLAGS_set=
ac_cv_env_LDFLAGS_value=
ac_cv_env_LIBS_set=
ac_cv_env_LIBS_value=
ac_cv_env_build_alias_set=
ac_cv_env_build_alias_value=
ac_cv_env_host_alias_set=
ac_cv_env_host_alias_value=
ac_cv_env_target_alias_set=
ac_cv_env_target_alias_value=
ac_cv_func_floor=yes
ac_cv_func_sqrt=yes
ac_cv_func_strtod=yes
ac_cv_func_strtol=yes
ac_cv_func_strtoull=yes
ac_cv_header_inttypes_h=yes
ac_cv_header_memory_h=yes
ac_cv_header_stdbool_h=yes
ac_cv_header_stdc=yes
ac_cv_header_stdint_h=yes
ac_cv_header_stdlib_h=yes
ac_cv_header_string_h=yes
ac_cv_header_strings_h=yes
ac_cv_header_sys_stat_h=yes
ac_cv_header_sys_types_h=yes
ac_cv_header_tr1_unordered_set=yes
ac_cv_header_unistd_h=yes
ac_cv_header_unordered_set=no
ac_cv_objext=o
ac_cv_path_EGREP='/bin/grep -E'
ac_cv_path_GREP=/bin/grep
ac_cv_path_install='/usr/bin/install -c'
ac_cv_path_mkdir=/bin/mkdir
ac_cv_prog_AWK=gawk
ac_cv_prog_CXXCPP='g++ -E'
ac_cv_prog_ac_ct_CC=gcc
ac_cv_prog_ac_ct_CXX=g++
ac_cv_prog_cc_c89=
ac_cv_prog_cc_g=yes
ac_cv_prog_cxx_g=yes
ac_cv_prog_make_make_set=yes
ac_cv_type__Bool=no
ac_cv_type_mode_t=yes
ac_cv_type_size_t=yes
ac_cv_type_ssize_t=yes
am_cv_CC_dependencies_compiler_type=gcc3
am_cv_CXX_dependencies_compiler_type=gcc3
am_cv_make_support_nested_variables=yes

## ----------------- ##
## Output variables. ##
## ----------------- ##

ACLOCAL='aclocal-1.13'
AMDEPBACKSLASH='\'
AMDEP_FALSE='#'
AMDEP_TRUE=''
AMTAR='$${TAR-tar}'
AM_BACKSLASH='\'
AM_DEFAULT_V='$(AM_DEFAULT_VERBOSITY)'
AM_DEFAULT_VERBOSITY='1'
AM_V='$(V)'
AUTOCONF='autoconf'
AUTOHEADER='autoheader'
AUTOMAKE='automake-1.13'
AWK='gawk'
CC='gcc'
CCDEPMODE='depmode=gcc3'
CFLAGS='-g -O2'
CPPFLAGS=''
CXX='g++'
CXXCPP='g++ -E'
CXXDEPMODE='depmode=gcc3'
CXXFLAGS='-m64 -g -O2'
CYGPATH_W='echo'
DEFS='-DHAVE_CONFIG_H'
DEPDIR='.deps'
ECHO_C=''
ECHO_N='-n'
ECHO_T=''
EGREP='/bin/grep -E'
EXEEXT=''
GREP='/bin/grep'
INSTALL_DATA='${INSTALL} -m 644'
INSTALL_PROGRAM='${INSTALL}'
INSTALL_SCRIPT='${INSTALL}'
INSTALL_STRIP_PROGRAM='$(install_sh) -c -s'
LDFLAGS=''
LIBOBJS=''
LIBS=''
LTLIBOBJS=''
MAKEINFO='makeinfo'
MKDIR_P='/bin/mkdir -p'
OBJEXT='o'
PACKAGE='yakmo'
PACKAGE_BUGREPORT='ynaga@tkl.iis.u-tokyo.ac.jp'
PACKAGE_NAME='yakmo'
PACKAGE_STRING='yakmo 2015-01-21'
PACKAGE_TARNAME='yakmo'
PACKAGE_URL=''
PACKAGE_VERSION='2015-01-21'
PATH_SEPARATOR=':'
POW_LIB=''
SET_MAKE=''
SHELL='/bin/bash'
STRIP=''
VERSION='2015-01-21'
YAKMO_OBJ=' timer.o'
ac_ct_CC='gcc'
ac_ct_CXX='g++'
am__EXEEXT_FALSE=''
am__EXEEXT_TRUE='#'
am__fastdepCC_FALSE='#'
am__fastdepCC_TRUE=''
am__fastdepCXX_FALSE='#'
am__fastdepCXX_TRUE=''
am__include='include'
am__isrc=''
am__leading_dot='.'
am__nodep='_no'
am__quote=''
am__tar='$${TAR-tar} chof - "$$tardir"'
am__untar='$${TAR-tar} xf -'
bindir='${exec_prefix}/bin'
build_alias=''
datadir='${datarootdir}'
datarootdir='${prefix}/share'
docdir='${datarootdir}/doc/${PACKAGE_TARNAME}'
dvidir='${docdir}'
exec_prefix='${prefix}'
host_alias=''
htmldir='${docdir}'
includedir='${prefix}/include'
infodir='${datarootdir}/info'
install_sh='${SHELL} /home/david/Escritorio/yakmo-2015-01-21/install-sh'
libdir='${exec_prefix}/lib'
libexecdir='${exec_prefix}/libexec'
localedir='${datarootdir}/locale'
localstatedir='${prefix}/var'
mandir='${datarootdir}/man'
mkdir_p='$(MKDIR_P)'
oldincludedir='/usr/include'
pdfdir='${docdir}'
prefix='/usr/local'
program_transform_name='s,x,x,'
psdir='${docdir}'
sbindir='${exec_prefix}/sbin'
sharedstatedir='${prefix}/com'
sysconfdir='${prefix}/etc'
target_alias=''

## ----------- ##
## confdefs.h. ##
## ----------- ##

/* confdefs.h */
#define PACKAGE_NAME "yakmo"
#define PACKAGE_TARNAME "yakmo"
#define PACKAGE_VERSION "2015-01-21"
#define PACKAGE_STRING "yakmo 2015-01-21"
#define PACKAGE_BUGREPORT "ynaga@tkl.iis.u-tokyo.ac.jp"
#define PACKAGE_URL ""
#define PACKAGE "yakmo"
#define VERSION "2015-01-21"
#define STDC_HEADERS 1
#define HAVE_SYS_TYPES_H 1
#define HAVE_SYS_STAT_H 1
#define HAVE_STDLIB_H 1
#define HAVE_STRING_H 1
#define HAVE_MEMORY_H 1
#define HAVE_STRINGS_H 1
#define HAVE_INTTYPES_H 1
#define HAVE_STDINT_H 1
#define HAVE_UNISTD_H 1
#define HAVE_STDINT_H 1
#define HAVE_FLOOR 1
#define HAVE_SQRT 1
#define HAVE_STRTOL 1
#define HAVE_STRTOULL 1
#define USE_TIMER 1
#define HAVE_TR1_UNORDERED_SET 1
#define USE_TR1_HASH 1

configure: exit 0
